2018-12-18 22:38:59,161 - utils.py - 31 - myLogger - INFO - 



hellbound_thread_crawl




2018-12-18 22:39:01,740 - hellbound_posts_crawl.py - 28 - parse - DEBUG - <200 https://www.hellboundhackers.org/forum/index.php>
2018-12-18 22:39:02,673 - hellbound_posts_crawl.py - 35 - parse_forum - DEBUG - <200 https://www.hellboundhackers.org/forum/10-encryption_0.html>
2018-12-18 22:39:03,875 - hellbound_posts_crawl.py - 35 - parse_forum - DEBUG - <200 https://www.hellboundhackers.org/forum/9-_application_cracking_0.html>
2018-12-18 22:39:05,274 - hellbound_posts_crawl.py - 35 - parse_forum - DEBUG - <200 https://www.hellboundhackers.org/forum/8-realistic_0.html>
2018-12-18 22:39:06,680 - hellbound_posts_crawl.py - 35 - parse_forum - DEBUG - <200 https://www.hellboundhackers.org/forum/7-basic_0.html>
2018-12-18 22:39:07,945 - hellbound_posts_crawl.py - 35 - parse_forum - DEBUG - <200 https://www.hellboundhackers.org/forum/75-newsletter_0.html>
2018-12-18 22:39:08,957 - hellbound_posts_crawl.py - 35 - parse_forum - DEBUG - <200 https://www.hellboundhackers.org/forum/41-projects_0.html>
2018-12-18 22:39:10,319 - hellbound_posts_crawl.py - 35 - parse_forum - DEBUG - <200 https://www.hellboundhackers.org/forum/24-bugs_0.html>
2018-12-18 22:39:11,832 - hellbound_posts_crawl.py - 35 - parse_forum - DEBUG - <200 https://www.hellboundhackers.org/forum/4-comments_and_suggestions_0.html>
2018-12-18 22:39:13,055 - hellbound_posts_crawl.py - 35 - parse_forum - DEBUG - <200 https://www.hellboundhackers.org/forum/5-questions_0.html>
2018-12-18 22:39:14,431 - hellbound_posts_crawl.py - 35 - parse_forum - DEBUG - <200 https://www.hellboundhackers.org/forum/78-announcements_0.html>
2018-12-18 22:39:15,679 - hellbound_posts_crawl.py - 35 - parse_forum - DEBUG - <200 https://www.hellboundhackers.org/forum/2-rules_0.html>
2018-12-18 22:39:17,120 - hellbound_posts_crawl.py - 35 - parse_forum - DEBUG - <200 https://www.hellboundhackers.org/forum/43-games_0.html>
2018-12-18 22:39:18,923 - hellbound_posts_crawl.py - 35 - parse_forum - DEBUG - <200 https://www.hellboundhackers.org/forum/76-debates_0.html>
2018-12-18 22:39:19,976 - hellbound_posts_crawl.py - 35 - parse_forum - DEBUG - <200 https://www.hellboundhackers.org/forum/73-introductions_0.html>
2018-12-18 22:39:21,197 - hellbound_posts_crawl.py - 35 - parse_forum - DEBUG - <200 https://www.hellboundhackers.org/forum/53-graphics_0.html>
2018-12-18 22:39:22,362 - hellbound_posts_crawl.py - 35 - parse_forum - DEBUG - <200 https://www.hellboundhackers.org/forum/65-networking_0.html>
2018-12-18 22:39:23,859 - hellbound_posts_crawl.py - 35 - parse_forum - DEBUG - <200 https://www.hellboundhackers.org/forum/30-hardware_0.html>
2018-12-18 22:39:24,843 - hellbound_posts_crawl.py - 35 - parse_forum - DEBUG - <200 https://www.hellboundhackers.org/forum/10-encryption_40.html>
2018-12-18 22:39:26,184 - hellbound_posts_crawl.py - 35 - parse_forum - DEBUG - <200 https://www.hellboundhackers.org/forum/9-_application_cracking_40.html>
2018-12-18 22:39:27,409 - hellbound_posts_crawl.py - 35 - parse_forum - DEBUG - <200 https://www.hellboundhackers.org/forum/8-realistic_40.html>
2018-12-18 22:39:29,072 - hellbound_posts_crawl.py - 35 - parse_forum - DEBUG - <200 https://www.hellboundhackers.org/forum/7-basic_40.html>
2018-12-18 22:39:29,818 - hellbound_posts_crawl.py - 35 - parse_forum - DEBUG - <200 https://www.hellboundhackers.org/forum/22-programming_0.html>
2018-12-18 22:39:31,169 - hellbound_posts_crawl.py - 35 - parse_forum - DEBUG - <200 https://www.hellboundhackers.org/forum/41-projects_40.html>
2018-12-18 22:39:32,085 - hellbound_posts_crawl.py - 35 - parse_forum - DEBUG - <200 https://www.hellboundhackers.org/forum/24-bugs_40.html>
2018-12-18 22:39:33,178 - hellbound_posts_crawl.py - 35 - parse_forum - DEBUG - <200 https://www.hellboundhackers.org/forum/42-phreaking_0.html>
2018-12-18 22:39:34,203 - hellbound_posts_crawl.py - 35 - parse_forum - DEBUG - <200 https://www.hellboundhackers.org/forum/5-questions_40.html>
2018-12-18 22:39:35,575 - hellbound_posts_crawl.py - 35 - parse_forum - DEBUG - <200 https://www.hellboundhackers.org/forum/32-trouble_shooting_0.html>
2018-12-18 22:39:37,118 - hellbound_posts_crawl.py - 35 - parse_forum - DEBUG - <200 https://www.hellboundhackers.org/forum/17-cryptography_0.html>
2018-12-18 22:39:38,346 - hellbound_posts_crawl.py - 35 - parse_forum - DEBUG - <200 https://www.hellboundhackers.org/forum/43-games_40.html>
2018-12-18 22:39:39,790 - hellbound_posts_crawl.py - 35 - parse_forum - DEBUG - <200 https://www.hellboundhackers.org/forum/16-os_specific_0.html>
2018-12-18 22:39:41,203 - hellbound_posts_crawl.py - 35 - parse_forum - DEBUG - <200 https://www.hellboundhackers.org/forum/73-introductions_40.html>
2018-12-18 22:39:42,587 - hellbound_posts_crawl.py - 35 - parse_forum - DEBUG - <200 https://www.hellboundhackers.org/forum/53-graphics_40.html>
2018-12-18 22:39:43,765 - hellbound_posts_crawl.py - 35 - parse_forum - DEBUG - <200 https://www.hellboundhackers.org/forum/65-networking_40.html>
2018-12-18 22:39:45,061 - hellbound_posts_crawl.py - 35 - parse_forum - DEBUG - <200 https://www.hellboundhackers.org/forum/30-hardware_40.html>
2018-12-18 22:39:46,144 - hellbound_posts_crawl.py - 35 - parse_forum - DEBUG - <200 https://www.hellboundhackers.org/forum/10-encryption_80.html>
2018-12-18 22:39:47,994 - hellbound_posts_crawl.py - 35 - parse_forum - DEBUG - <200 https://www.hellboundhackers.org/forum/9-_application_cracking_80.html>
2018-12-18 22:39:48,859 - hellbound_posts_crawl.py - 35 - parse_forum - DEBUG - <200 https://www.hellboundhackers.org/forum/8-realistic_80.html>
2018-12-18 22:39:50,295 - hellbound_posts_crawl.py - 35 - parse_forum - DEBUG - <200 https://www.hellboundhackers.org/forum/7-basic_80.html>
2018-12-18 22:39:51,354 - hellbound_posts_crawl.py - 35 - parse_forum - DEBUG - <200 https://www.hellboundhackers.org/forum/22-programming_40.html>
2018-12-18 22:39:52,741 - hellbound_posts_crawl.py - 35 - parse_forum - DEBUG - <200 https://www.hellboundhackers.org/forum/41-projects_80.html>
2018-12-18 22:39:53,878 - hellbound_posts_crawl.py - 35 - parse_forum - DEBUG - <200 https://www.hellboundhackers.org/forum/24-bugs_80.html>
2018-12-18 22:39:55,124 - hellbound_posts_crawl.py - 35 - parse_forum - DEBUG - <200 https://www.hellboundhackers.org/forum/42-phreaking_40.html>
2018-12-18 22:39:55,868 - hellbound_posts_crawl.py - 35 - parse_forum - DEBUG - <200 https://www.hellboundhackers.org/forum/5-questions_80.html>
2018-12-18 22:39:57,242 - hellbound_posts_crawl.py - 35 - parse_forum - DEBUG - <200 https://www.hellboundhackers.org/forum/32-trouble_shooting_40.html>
2018-12-18 22:39:58,462 - hellbound_posts_crawl.py - 35 - parse_forum - DEBUG - <200 https://www.hellboundhackers.org/forum/17-cryptography_40.html>
2018-12-18 22:39:59,778 - hellbound_posts_crawl.py - 35 - parse_forum - DEBUG - <200 https://www.hellboundhackers.org/forum/43-games_80.html>
2018-12-18 22:40:00,712 - hellbound_posts_crawl.py - 35 - parse_forum - DEBUG - <200 https://www.hellboundhackers.org/forum/16-os_specific_40.html>
2018-12-18 22:40:01,422 - hellbound_posts_crawl.py - 35 - parse_forum - DEBUG - <200 https://www.hellboundhackers.org/forum/73-introductions_80.html>
2018-12-18 22:40:02,862 - hellbound_posts_crawl.py - 35 - parse_forum - DEBUG - <200 https://www.hellboundhackers.org/forum/53-graphics_80.html>
2018-12-18 22:40:03,647 - hellbound_posts_crawl.py - 35 - parse_forum - DEBUG - <200 https://www.hellboundhackers.org/forum/65-networking_80.html>
2018-12-18 22:40:04,877 - hellbound_posts_crawl.py - 35 - parse_forum - DEBUG - <200 https://www.hellboundhackers.org/forum/30-hardware_80.html>
2018-12-18 22:40:06,122 - hellbound_posts_crawl.py - 35 - parse_forum - DEBUG - <200 https://www.hellboundhackers.org/forum/15-web_hacking_0.html>
2018-12-18 22:40:07,327 - hellbound_posts_crawl.py - 35 - parse_forum - DEBUG - <200 https://www.hellboundhackers.org/forum/9-_application_cracking_120.html>
2018-12-18 22:40:08,670 - hellbound_posts_crawl.py - 35 - parse_forum - DEBUG - <200 https://www.hellboundhackers.org/forum/8-realistic_120.html>
2018-12-18 22:40:09,805 - hellbound_posts_crawl.py - 35 - parse_forum - DEBUG - <200 https://www.hellboundhackers.org/forum/7-basic_120.html>
2018-12-18 22:40:11,149 - hellbound_posts_crawl.py - 35 - parse_forum - DEBUG - <200 https://www.hellboundhackers.org/forum/22-programming_80.html>
2018-12-18 22:40:12,381 - hellbound_posts_crawl.py - 35 - parse_forum - DEBUG - <200 https://www.hellboundhackers.org/forum/85-web_server_0.html>
2018-12-18 22:40:13,758 - hellbound_posts_crawl.py - 35 - parse_forum - DEBUG - <200 https://www.hellboundhackers.org/forum/24-bugs_120.html>
2018-12-18 22:40:14,945 - hellbound_posts_crawl.py - 35 - parse_forum - DEBUG - <200 https://www.hellboundhackers.org/forum/67-webmasters_lounge_0.html>
2018-12-18 22:40:16,138 - hellbound_posts_crawl.py - 35 - parse_forum - DEBUG - <200 https://www.hellboundhackers.org/forum/5-questions_120.html>
2018-12-18 22:40:17,023 - hellbound_posts_crawl.py - 35 - parse_forum - DEBUG - <200 https://www.hellboundhackers.org/forum/32-trouble_shooting_80.html>
2018-12-18 22:40:18,580 - hellbound_posts_crawl.py - 35 - parse_forum - DEBUG - <200 https://www.hellboundhackers.org/forum/17-cryptography_80.html>
2018-12-18 22:40:19,331 - hellbound_posts_crawl.py - 35 - parse_forum - DEBUG - <200 https://www.hellboundhackers.org/forum/43-games_120.html>
2018-12-18 22:40:20,554 - hellbound_posts_crawl.py - 35 - parse_forum - DEBUG - <200 https://www.hellboundhackers.org/forum/16-os_specific_80.html>
2018-12-18 22:40:21,821 - hellbound_posts_crawl.py - 35 - parse_forum - DEBUG - <200 https://www.hellboundhackers.org/forum/73-introductions_120.html>
2018-12-18 22:40:23,126 - hellbound_posts_crawl.py - 35 - parse_forum - DEBUG - <200 https://www.hellboundhackers.org/forum/53-graphics_120.html>
2018-12-18 22:40:24,482 - hellbound_posts_crawl.py - 35 - parse_forum - DEBUG - <200 https://www.hellboundhackers.org/forum/65-networking_120.html>
2018-12-18 22:40:25,562 - hellbound_posts_crawl.py - 35 - parse_forum - DEBUG - <200 https://www.hellboundhackers.org/forum/30-hardware_120.html>
2018-12-18 22:40:26,743 - hellbound_posts_crawl.py - 35 - parse_forum - DEBUG - <200 https://www.hellboundhackers.org/forum/15-web_hacking_40.html>
2018-12-18 22:40:27,729 - hellbound_posts_crawl.py - 35 - parse_forum - DEBUG - <200 https://www.hellboundhackers.org/forum/9-_application_cracking_160.html>
2018-12-18 22:40:28,600 - hellbound_posts_crawl.py - 35 - parse_forum - DEBUG - <200 https://www.hellboundhackers.org/forum/8-realistic_160.html>
2018-12-18 22:40:30,162 - hellbound_posts_crawl.py - 35 - parse_forum - DEBUG - <200 https://www.hellboundhackers.org/forum/7-basic_160.html>
2018-12-18 22:40:31,340 - hellbound_posts_crawl.py - 35 - parse_forum - DEBUG - <200 https://www.hellboundhackers.org/forum/22-programming_120.html>
2018-12-18 22:40:32,425 - hellbound_posts_crawl.py - 35 - parse_forum - DEBUG - <200 https://www.hellboundhackers.org/forum/59-increasing_security_0.html>
2018-12-18 22:40:33,242 - hellbound_posts_crawl.py - 35 - parse_forum - DEBUG - <200 https://www.hellboundhackers.org/forum/24-bugs_160.html>
2018-12-18 22:40:34,611 - hellbound_posts_crawl.py - 35 - parse_forum - DEBUG - <200 https://www.hellboundhackers.org/forum/67-webmasters_lounge_40.html>
2018-12-18 22:40:35,779 - hellbound_posts_crawl.py - 35 - parse_forum - DEBUG - <200 https://www.hellboundhackers.org/forum/5-questions_160.html>
2018-12-18 22:40:37,136 - hellbound_posts_crawl.py - 35 - parse_forum - DEBUG - <200 https://www.hellboundhackers.org/forum/32-trouble_shooting_120.html>
2018-12-18 22:40:37,632 - hellbound_posts_crawl.py - 35 - parse_forum - DEBUG - <200 https://www.hellboundhackers.org/forum/17-cryptography_120.html>
2018-12-18 22:40:39,335 - hellbound_posts_crawl.py - 35 - parse_forum - DEBUG - <200 https://www.hellboundhackers.org/forum/43-games_160.html>
2018-12-18 22:40:40,727 - hellbound_posts_crawl.py - 35 - parse_forum - DEBUG - <200 https://www.hellboundhackers.org/forum/16-os_specific_120.html>
2018-12-18 22:40:42,017 - hellbound_posts_crawl.py - 35 - parse_forum - DEBUG - <200 https://www.hellboundhackers.org/forum/14-hacking_in_general_0.html>
2018-12-18 22:40:42,768 - hellbound_posts_crawl.py - 35 - parse_forum - DEBUG - <200 https://www.hellboundhackers.org/forum/53-graphics_160.html>
2018-12-18 22:40:43,818 - hellbound_posts_crawl.py - 35 - parse_forum - DEBUG - <200 https://www.hellboundhackers.org/forum/63-general_computer_problems_0.html>
2018-12-18 22:40:44,896 - hellbound_posts_crawl.py - 35 - parse_forum - DEBUG - <200 https://www.hellboundhackers.org/forum/52-root_this_box_0.html>
2018-12-18 22:40:46,154 - hellbound_posts_crawl.py - 35 - parse_forum - DEBUG - <200 https://www.hellboundhackers.org/forum/15-web_hacking_80.html>
2018-12-18 22:40:47,035 - hellbound_posts_crawl.py - 35 - parse_forum - DEBUG - <200 https://www.hellboundhackers.org/forum/29-general_0.html>
2018-12-18 22:40:48,146 - hellbound_posts_crawl.py - 35 - parse_forum - DEBUG - <200 https://www.hellboundhackers.org/forum/8-realistic_200.html>
2018-12-18 22:40:49,581 - hellbound_posts_crawl.py - 35 - parse_forum - DEBUG - <200 https://www.hellboundhackers.org/forum/7-basic_200.html>
2018-12-18 22:40:50,859 - hellbound_posts_crawl.py - 35 - parse_forum - DEBUG - <200 https://www.hellboundhackers.org/forum/22-programming_160.html>
2018-12-18 22:40:52,128 - hellbound_posts_crawl.py - 35 - parse_forum - DEBUG - <200 https://www.hellboundhackers.org/forum/59-increasing_security_40.html>
2018-12-18 22:40:53,621 - hellbound_posts_crawl.py - 35 - parse_forum - DEBUG - <200 https://www.hellboundhackers.org/forum/28-teams_0.html>
2018-12-18 22:40:55,001 - hellbound_posts_crawl.py - 35 - parse_forum - DEBUG - <200 https://www.hellboundhackers.org/forum/67-webmasters_lounge_80.html>
2018-12-18 22:40:56,248 - hellbound_posts_crawl.py - 35 - parse_forum - DEBUG - <200 https://www.hellboundhackers.org/forum/5-questions_200.html>
2018-12-18 22:40:57,403 - hellbound_posts_crawl.py - 35 - parse_forum - DEBUG - <200 https://www.hellboundhackers.org/forum/32-trouble_shooting_160.html>
2018-12-18 22:40:58,483 - hellbound_posts_crawl.py - 35 - parse_forum - DEBUG - <200 https://www.hellboundhackers.org/forum/70-pen_testing_challenges_0.html>
2018-12-18 22:40:59,379 - hellbound_posts_crawl.py - 35 - parse_forum - DEBUG - <200 https://www.hellboundhackers.org/forum/69-timed_challenges_0.html>
2018-12-18 22:41:00,378 - hellbound_posts_crawl.py - 35 - parse_forum - DEBUG - <200 https://www.hellboundhackers.org/forum/16-os_specific_160.html>
2018-12-18 22:41:01,601 - hellbound_posts_crawl.py - 35 - parse_forum - DEBUG - <200 https://www.hellboundhackers.org/forum/14-hacking_in_general_40.html>
2018-12-18 22:41:03,474 - hellbound_posts_crawl.py - 35 - parse_forum - DEBUG - <200 https://www.hellboundhackers.org/forum/53-graphics_200.html>
2018-12-18 22:41:04,176 - hellbound_posts_crawl.py - 35 - parse_forum - DEBUG - <200 https://www.hellboundhackers.org/forum/63-general_computer_problems_40.html>
2018-12-18 22:41:05,090 - hellbound_posts_crawl.py - 35 - parse_forum - DEBUG - <200 https://www.hellboundhackers.org/forum/68-flash_hacking_0.html>
2018-12-18 22:41:06,391 - hellbound_posts_crawl.py - 35 - parse_forum - DEBUG - <200 https://www.hellboundhackers.org/forum/15-web_hacking_120.html>
2018-12-18 22:41:07,581 - hellbound_posts_crawl.py - 35 - parse_forum - DEBUG - <200 https://www.hellboundhackers.org/forum/29-general_40.html>
2018-12-18 22:41:08,560 - hellbound_posts_crawl.py - 35 - parse_forum - DEBUG - <200 https://www.hellboundhackers.org/forum/8-realistic_240.html>
2018-12-18 22:41:10,040 - hellbound_posts_crawl.py - 35 - parse_forum - DEBUG - <200 https://www.hellboundhackers.org/forum/7-basic_240.html>
